This file contains any messages produced by compilers while
running configure, to aid debugging if configure makes a mistake.

It was created by liballprof configure use VERSION !, which was
generated by GNU Autoconf 2.71.  Invocation command line was

  $ ./configure MPICC=mpicc CC=mpicc CXX= F77=mpif77
  $ ./configure MPICC=cc CC=cc CXX=cc

## --------- ##
## Platform. ##
## --------- ##

hostname = storage2
uname -m = x86_64
uname -r = 6.1.0-6-amd64
uname -s = Linux
uname -v = #1 SMP PREEMPT_DYNAMIC Debian 6.1.15-1 (2023-03-05)

/usr/bin/uname -p = x86_64
/bin/uname -X     = unknown

/bin/arch              = x86_64
/usr/bin/arch -k       = unknown
/usr/convex/getsysinfo = unknown
/usr/bin/hostinfo      = unknown
/bin/machine           = unknown
/usr/bin/oslevel       = unknown
/bin/universe          = unknown

PATH: /home/sishen/workspace/slingshot-data-analysis/venv/bin/
PATH: /opt/riscv/bin/
PATH: /home/sishen/.vscode-server/bin/695af097c7bd098fbf017ce3ac85e09bbc5dda06/bin/remote-cli/
PATH: /home/sishen/.local/bin/
PATH: /home/sishen/workspace/slingshot-data-analysis/venv/bin/
PATH: /opt/riscv/bin/
PATH: /usr/local/bin/
PATH: /usr/bin/
PATH: /bin/
PATH: /usr/local/games/
PATH: /usr/games/


## ----------- ##
## Core tests. ##
## ----------- ##

configure:2662: looking for aux files: ltmain.sh missing install-sh config.guess config.sub
configure:2675:  trying ./config/
configure:2704:   ./config/ltmain.sh found
configure:2704:   ./config/missing found
configure:2686:   ./config/install-sh found
configure:2704:   ./config/config.guess found
configure:2704:   ./config/config.sub found
configure:2823: checking build system type
configure:2838: result: x86_64-unknown-linux-gnu
configure:2858: checking host system type
configure:2872: result: x86_64-unknown-linux-gnu
configure:2892: checking target system type
configure:2906: result: x86_64-unknown-linux-gnu
configure:2950: checking for a BSD-compatible install
configure:3023: result: /cluster/apps/sfos/bin/install -c
configure:3034: checking whether build environment is sane
configure:3084: result: yes
configure:3237: checking for a race-free mkdir -p
configure:3281: result: /cluster/apps/sfos/bin/mkdir -p
configure:3294: checking for gawk
configure:3315: found /cluster/apps/sfos/bin/gawk
configure:3326: result: gawk
configure:3337: checking whether make sets $(MAKE)
configure:3360: result: yes
configure:3441: *** checking for MPI support ***
configure:3551: checking for mpicc
configure:3572: found /usr/bin/mpicc
configure:3584: result: yes
configure:3599: using /usr/bin/mpicc for MPI support
configure:3670: checking for gcc
configure:3702: result: cc
configure:4055: checking for C compiler version
configure:4064: mpicc --version >&5
gcc (Debian 12.2.0-14) 12.2.0
Copyright (C) 2022 Free Software Foundation, Inc.
This is free software; see the source for copying conditions.  There is NO
warranty; not even for MERCHANTABILITY or FITNESS FOR A PARTICULAR PURPOSE.

configure:4075: $? = 0
configure:4064: mpicc -v >&5
Using built-in specs.
COLLECT_GCC=/usr/bin/gcc
COLLECT_LTO_WRAPPER=/usr/lib/gcc/x86_64-linux-gnu/12/lto-wrapper
OFFLOAD_TARGET_NAMES=nvptx-none:amdgcn-amdhsa
OFFLOAD_TARGET_DEFAULT=1
Target: x86_64-linux-gnu
Configured with: ../src/configure -v --with-pkgversion='Debian 12.2.0-14' --with-bugurl=file:///usr/share/doc/gcc-12/README.Bugs --enable-languages=c,ada,c++,go,d,fortran,objc,obj-c++,m2 --prefix=/usr --with-gcc-major-version-only --program-suffix=-12 --program-prefix=x86_64-linux-gnu- --enable-shared --enable-linker-build-id --libexecdir=/usr/lib --without-included-gettext --enable-threads=posix --libdir=/usr/lib --enable-nls --enable-clocale=gnu --enable-libstdcxx-debug --enable-libstdcxx-time=yes --with-default-libstdcxx-abi=new --enable-gnu-unique-object --disable-vtable-verify --enable-plugin --enable-default-pie --with-system-zlib --enable-libphobos-checking=release --with-target-system-zlib=auto --enable-objc-gc=auto --enable-multiarch --disable-werror --enable-cet --with-arch-32=i686 --with-abi=m64 --with-multilib-list=m32,m64,mx32 --enable-multilib --with-tune=generic --enable-offload-targets=nvptx-none=/build/gcc-12-bTRWOB/gcc-12-12.2.0/debian/tmp-nvptx/usr,amdgcn-amdhsa=/build/gcc-12-bTRWOB/gcc-12-12.2.0/debian/tmp-gcn/usr --enable-offload-defaulted --without-cuda-driver --enable-checking=release --build=x86_64-linux-gnu --host=x86_64-linux-gnu --target=x86_64-linux-gnu
Thread model: posix
Supported LTO compression algorithms: zlib zstd
gcc version 12.2.0 (Debian 12.2.0-14) 
... rest of stderr output deleted ...
configure:4075: $? = 0
configure:4064: mpicc -V >&5
gcc: error: unrecognized command-line option '-V'
gcc: fatal error: no input files
compilation terminated.
configure:4075: $? = 1
configure:4064: mpicc -qversion >&5
gcc: error: unrecognized command-line option '-qversion'; did you mean '--version'?
gcc: fatal error: no input files
compilation terminated.
configure:4075: $? = 1
configure:4064: mpicc -version >&5
gcc: error: unrecognized command-line option '-version'
gcc: fatal error: no input files
compilation terminated.
configure:4075: $? = 1
configure:4095: checking whether the C compiler works
configure:4117: cc    conftest.c  >&5
configure:4121: $? = 0
configure:4171: result: yes
configure:4174: checking for C compiler default output file name
configure:4176: result: a.out
configure:4182: checking for suffix of executables
configure:4189: cc -o conftest    conftest.c  >&5
configure:4193: $? = 0
configure:4216: result: 
configure:4238: checking whether we are cross compiling
configure:4246: cc -o conftest    conftest.c  >&5
configure:4250: $? = 0
configure:4257: ./conftest
configure:4261: $? = 0
configure:4276: result: no
configure:4281: checking for suffix of object files
configure:4304: cc -c   conftest.c >&5
configure:4308: $? = 0
configure:4330: result: o
configure:4334: checking whether the compiler supports GNU C
configure:4354: cc -c   conftest.c >&5
configure:4354: $? = 0
configure:4364: result: yes
configure:4375: checking whether cc accepts -g
configure:4396: cc -c -g  conftest.c >&5
configure:4396: $? = 0
configure:4440: result: yes
configure:4460: checking for cc option to enable C11 features
configure:4475: cc  -c -g -O2  conftest.c >&5
configure:4475: $? = 0
configure:4493: result: none needed
configure:4614: checking for style of include used by make
configure:4642: result: GNU
configure:4668: checking dependency style of cc
configure:4779: result: gcc3
configure:4842: checking for ranlib
configure:4863: found /usr/bin/ranlib
configure:4874: result: ranlib
configure:4901: checking for stdio.h
configure:4901: cc -c -g -O2  conftest.c >&5
configure:4901: $? = 0
configure:4901: result: yes
configure:4901: checking for stdlib.h
configure:4901: cc -c -g -O2  conftest.c >&5
configure:4901: $? = 0
configure:4901: result: yes
configure:4901: checking for string.h
configure:4901: cc -c -g -O2  conftest.c >&5
configure:4901: $? = 0
configure:4901: result: yes
configure:4901: checking for inttypes.h
configure:4901: cc -c -g -O2  conftest.c >&5
configure:4901: $? = 0
configure:4901: result: yes
configure:4901: checking for stdint.h
configure:4901: cc -c -g -O2  conftest.c >&5
configure:4901: $? = 0
configure:4901: result: yes
configure:4901: checking for strings.h
configure:4901: cc -c -g -O2  conftest.c >&5
configure:4901: $? = 0
configure:4901: result: yes
configure:4901: checking for sys/stat.h
configure:4901: cc -c -g -O2  conftest.c >&5
configure:4901: $? = 0
configure:4901: result: yes
configure:4901: checking for sys/types.h
configure:4901: cc -c -g -O2  conftest.c >&5
configure:4901: $? = 0
configure:4901: result: yes
configure:4901: checking for unistd.h
configure:4901: cc -c -g -O2  conftest.c >&5
configure:4901: $? = 0
configure:4901: result: yes
configure:5012: checking for sysctl in -lc
configure:5035: mpicc -o conftest -g -O2   conftest.c -lc   >&5
/usr/bin/ld: /tmp/ccoZr6c9.o: in function `main':
/home/sishen/workspace/lgs-mpi/liballprof/conftest.c:30: undefined reference to `sysctl'
collect2: error: ld returned 1 exit status
configure:5035: $? = 1
configure: failed program was:
| /* confdefs.h */
| #define PACKAGE_NAME "liballprof"
| #define PACKAGE_TARNAME "liballprof"
| #define PACKAGE_VERSION "use VERSION !"
| #define PACKAGE_STRING "liballprof use VERSION !"
| #define PACKAGE_BUGREPORT "<empty>"
| #define PACKAGE_URL ""
| #define PACKAGE "liballprof"
| #define VERSION "1.1"
| #define NG_MPI 1
| #define HAVE_STDIO_H 1
| #define HAVE_STDLIB_H 1
| #define HAVE_STRING_H 1
| #define HAVE_INTTYPES_H 1
| #define HAVE_STDINT_H 1
| #define HAVE_STRINGS_H 1
| #define HAVE_SYS_STAT_H 1
| #define HAVE_SYS_TYPES_H 1
| #define HAVE_UNISTD_H 1
| #define STDC_HEADERS 1
| /* end confdefs.h.  */
| 
| /* Override any GCC internal prototype to avoid an error.
|    Use char because int might match the return type of a GCC
|    builtin and then its argument prototype would still apply.  */
| char sysctl ();
| int
| main (void)
| {
| return sysctl ();
|   ;
|   return 0;
| }
configure:5045: result: no
configure:5057: checking for mpi.h
configure:5057: cc -c -g -O2  conftest.c >&5
configure:5057: $? = 0
configure:5057: result: yes
configure:5072: checking how to run the C preprocessor
configure:5098: mpicc -E  conftest.c
configure:5098: $? = 0
configure:5113: mpicc -E  conftest.c
conftest.c:23:10: fatal error: ac_nonexistent.h: No such file or directory
   23 | #include <ac_nonexistent.h>
      |          ^~~~~~~~~~~~~~~~~~
compilation terminated.
configure:5113: $? = 1
configure: failed program was:
| /* confdefs.h */
| #define PACKAGE_NAME "liballprof"
| #define PACKAGE_TARNAME "liballprof"
| #define PACKAGE_VERSION "use VERSION !"
| #define PACKAGE_STRING "liballprof use VERSION !"
| #define PACKAGE_BUGREPORT "<empty>"
| #define PACKAGE_URL ""
| #define PACKAGE "liballprof"
| #define VERSION "1.1"
| #define NG_MPI 1
| #define HAVE_STDIO_H 1
| #define HAVE_STDLIB_H 1
| #define HAVE_STRING_H 1
| #define HAVE_INTTYPES_H 1
| #define HAVE_STDINT_H 1
| #define HAVE_STRINGS_H 1
| #define HAVE_SYS_STAT_H 1
| #define HAVE_SYS_TYPES_H 1
| #define HAVE_UNISTD_H 1
| #define STDC_HEADERS 1
| #define HAVE_MPI_H 1
| /* end confdefs.h.  */
| #include <ac_nonexistent.h>
configure:5140: result: mpicc -E
configure:5154: mpicc -E  conftest.c
configure:5154: $? = 0
configure:5169: mpicc -E  conftest.c
conftest.c:23:10: fatal error: ac_nonexistent.h: No such file or directory
   23 | #include <ac_nonexistent.h>
      |          ^~~~~~~~~~~~~~~~~~
compilation terminated.
configure:5169: $? = 1
configure: failed program was:
| /* confdefs.h */
| #define PACKAGE_NAME "liballprof"
| #define PACKAGE_TARNAME "liballprof"
| #define PACKAGE_VERSION "use VERSION !"
| #define PACKAGE_STRING "liballprof use VERSION !"
| #define PACKAGE_BUGREPORT "<empty>"
| #define PACKAGE_URL ""
| #define PACKAGE "liballprof"
| #define VERSION "1.1"
| #define NG_MPI 1
| #define HAVE_STDIO_H 1
| #define HAVE_STDLIB_H 1
| #define HAVE_STRING_H 1
| #define HAVE_INTTYPES_H 1
| #define HAVE_STDINT_H 1
| #define HAVE_STRINGS_H 1
| #define HAVE_SYS_STAT_H 1
| #define HAVE_SYS_TYPES_H 1
| #define HAVE_UNISTD_H 1
| #define STDC_HEADERS 1
| #define HAVE_LIBC 1
| #define HAVE_MPI_H 1
| /* end confdefs.h.  */
| #include <ac_nonexistent.h>
configure:5200: checking for grep that handles long lines and -e
configure:5264: result: /usr/bin/grep
configure:5269: checking for egrep
configure:5337: result: /usr/bin/grep -E
configure:5343: checking whether cc needs -traditional
configure:5380: result: no
configure:5387: checking for GNU libc compatible malloc
configure:5419: mpicc -o conftest -g -O2 -Wno-missing-prototypes   conftest.c  >&5
configure:5419: $? = 0
configure:5419: ./conftest
configure:5419: $? = 0
configure:5430: result: yes
configure:5512: checking for g77
configure:5547: result: no
configure:5512: checking for xlf
configure:5547: result: no
configure:5512: checking for f77
configure:5533: found /usr/bin/f77
configure:5544: result: f77
configure:5570: checking for Fortran 77 compiler version
configure:5579: f77 --version >&5
GNU Fortran (Debian 12.2.0-14) 12.2.0
Copyright (C) 2022 Free Software Foundation, Inc.
This is free software; see the source for copying conditions.  There is NO
warranty; not even for MERCHANTABILITY or FITNESS FOR A PARTICULAR PURPOSE.

configure:5590: $? = 0
configure:5579: f77 -v >&5
Using built-in specs.
COLLECT_GCC=f77
COLLECT_LTO_WRAPPER=/usr/lib/gcc/x86_64-linux-gnu/12/lto-wrapper
OFFLOAD_TARGET_NAMES=nvptx-none:amdgcn-amdhsa
OFFLOAD_TARGET_DEFAULT=1
Target: x86_64-linux-gnu
Configured with: ../src/configure -v --with-pkgversion='Debian 12.2.0-14' --with-bugurl=file:///usr/share/doc/gcc-12/README.Bugs --enable-languages=c,ada,c++,go,d,fortran,objc,obj-c++,m2 --prefix=/usr --with-gcc-major-version-only --program-suffix=-12 --program-prefix=x86_64-linux-gnu- --enable-shared --enable-linker-build-id --libexecdir=/usr/lib --without-included-gettext --enable-threads=posix --libdir=/usr/lib --enable-nls --enable-clocale=gnu --enable-libstdcxx-debug --enable-libstdcxx-time=yes --with-default-libstdcxx-abi=new --enable-gnu-unique-object --disable-vtable-verify --enable-plugin --enable-default-pie --with-system-zlib --enable-libphobos-checking=release --with-target-system-zlib=auto --enable-objc-gc=auto --enable-multiarch --disable-werror --enable-cet --with-arch-32=i686 --with-abi=m64 --with-multilib-list=m32,m64,mx32 --enable-multilib --with-tune=generic --enable-offload-targets=nvptx-none=/build/gcc-12-bTRWOB/gcc-12-12.2.0/debian/tmp-nvptx/usr,amdgcn-amdhsa=/build/gcc-12-bTRWOB/gcc-12-12.2.0/debian/tmp-gcn/usr --enable-offload-defaulted --without-cuda-driver --enable-checking=release --build=x86_64-linux-gnu --host=x86_64-linux-gnu --target=x86_64-linux-gnu
Thread model: posix
Supported LTO compression algorithms: zlib zstd
gcc version 12.2.0 (Debian 12.2.0-14) 
... rest of stderr output deleted ...
configure:5590: $? = 0
configure:5579: f77 -V >&5
f77: error: unrecognized command-line option '-V'
f77: fatal error: no input files
compilation terminated.
configure:5590: $? = 1
configure:5579: f77 -qversion >&5
f77: error: unrecognized command-line option '-qversion'; did you mean '--version'?
f77: fatal error: no input files
compilation terminated.
configure:5590: $? = 1
configure:5599: checking whether the compiler supports GNU Fortran 77
configure:5613: f77 -c  conftest.F >&5
configure:5613: $? = 0
configure:5623: result: yes
configure:5631: checking whether f77 accepts -g
configure:5643: f77 -c -g conftest.f >&5
configure:5643: $? = 0
configure:5652: result: yes
configure:5686: checking how to get verbose linking output from f77
configure:5697: f77 -c -g -O2 conftest.f >&5
configure:5697: $? = 0
configure:5716: f77 -o conftest -g -O2 -v conftest.f
Using built-in specs.
Target: x86_64-linux-gnu
Thread model: posix
Supported LTO compression algorithms: zlib zstd
gcc version 12.2.0 (Debian 12.2.0-14) 
 /usr/lib/gcc/x86_64-linux-gnu/12/f951 conftest.f -ffixed-form -quiet -dumpbase conftest.f -dumpbase-ext .f -mtune=generic -march=x86-64 -g -O2 -version -fintrinsic-modules-path /usr/lib/gcc/x86_64-linux-gnu/12/finclude -fpre-include=/usr/include/finclude/x86_64-linux-gnu/math-vector-fortran.h -o /tmp/cc0L0tQz.s
GNU Fortran (Debian 12.2.0-14) version 12.2.0 (x86_64-linux-gnu)
	compiled by GNU C version 12.2.0, GMP version 6.2.1, MPFR version 4.1.1-p1, MPC version 1.3.1, isl version isl-0.25-GMP

GGC heuristics: --param ggc-min-expand=100 --param ggc-min-heapsize=131072
GNU Fortran2008 (Debian 12.2.0-14) version 12.2.0 (x86_64-linux-gnu)
	compiled by GNU C version 12.2.0, GMP version 6.2.1, MPFR version 4.1.1-p1, MPC version 1.3.1, isl version isl-0.25-GMP

GGC heuristics: --param ggc-min-expand=100 --param ggc-min-heapsize=131072
 as -v --gdwarf-5 --64 -o /tmp/cc25mZHR.o /tmp/cc0L0tQz.s
GNU assembler version 2.40 (x86_64-linux-gnu) using BFD version (GNU Binutils for Debian) 2.40
Reading specs from /usr/lib/gcc/x86_64-linux-gnu/12/libgfortran.spec
rename spec lib to liborig
 /usr/lib/gcc/x86_64-linux-gnu/12/collect2 -plugin /usr/lib/gcc/x86_64-linux-gnu/12/liblto_plugin.so -plugin-opt=/usr/lib/gcc/x86_64-linux-gnu/12/lto-wrapper -plugin-opt=-fresolution=/tmp/ccCNLxRe.res -plugin-opt=-pass-through=-lgcc_s -plugin-opt=-pass-through=-lgcc -plugin-opt=-pass-through=-lquadmath -plugin-opt=-pass-through=-lm -plugin-opt=-pass-through=-lgcc_s -plugin-opt=-pass-through=-lgcc -plugin-opt=-pass-through=-lc -plugin-opt=-pass-through=-lgcc_s -plugin-opt=-pass-through=-lgcc --build-id --eh-frame-hdr -m elf_x86_64 --hash-style=gnu --as-needed -dynamic-linker /lib64/ld-linux-x86-64.so.2 -pie -o conftest /usr/lib/gcc/x86_64-linux-gnu/12/../../../x86_64-linux-gnu/Scrt1.o /usr/lib/gcc/x86_64-linux-gnu/12/../../../x86_64-linux-gnu/crti.o /usr/lib/gcc/x86_64-linux-gnu/12/crtbeginS.o -L/usr/lib/gcc/x86_64-linux-gnu/12 -L/usr/lib/gcc/x86_64-linux-gnu/12/../../../x86_64-linux-gnu -L/usr/lib/gcc/x86_64-linux-gnu/12/../../../../lib -L/lib/x86_64-linux-gnu -L/lib/../lib -L/usr/lib/x86_64-linux-gnu -L/usr/lib/../lib -L/usr/lib/gcc/x86_64-linux-gnu/12/../../.. /tmp/cc25mZHR.o -lgfortran -lm -lgcc_s -lgcc -lquadmath -lm -lgcc_s -lgcc -lc -lgcc_s -lgcc /usr/lib/gcc/x86_64-linux-gnu/12/crtendS.o /usr/lib/gcc/x86_64-linux-gnu/12/../../../x86_64-linux-gnu/crtn.o
configure:5799: result: -v
configure:5801: checking for Fortran 77 libraries of f77
configure:5825: f77 -o conftest -g -O2 -v conftest.f
Using built-in specs.
Target: x86_64-linux-gnu
Thread model: posix
Supported LTO compression algorithms: zlib zstd
gcc version 12.2.0 (Debian 12.2.0-14) 
 /usr/lib/gcc/x86_64-linux-gnu/12/f951 conftest.f -ffixed-form -quiet -dumpbase conftest.f -dumpbase-ext .f -mtune=generic -march=x86-64 -g -O2 -version -fintrinsic-modules-path /usr/lib/gcc/x86_64-linux-gnu/12/finclude -fpre-include=/usr/include/finclude/x86_64-linux-gnu/math-vector-fortran.h -o /tmp/cc2HMPo9.s
GNU Fortran (Debian 12.2.0-14) version 12.2.0 (x86_64-linux-gnu)
	compiled by GNU C version 12.2.0, GMP version 6.2.1, MPFR version 4.1.1-p1, MPC version 1.3.1, isl version isl-0.25-GMP

GGC heuristics: --param ggc-min-expand=100 --param ggc-min-heapsize=131072
GNU Fortran2008 (Debian 12.2.0-14) version 12.2.0 (x86_64-linux-gnu)
	compiled by GNU C version 12.2.0, GMP version 6.2.1, MPFR version 4.1.1-p1, MPC version 1.3.1, isl version isl-0.25-GMP

GGC heuristics: --param ggc-min-expand=100 --param ggc-min-heapsize=131072
 as -v --gdwarf-5 --64 -o /tmp/cc2o2WPb.o /tmp/cc2HMPo9.s
GNU assembler version 2.40 (x86_64-linux-gnu) using BFD version (GNU Binutils for Debian) 2.40
Reading specs from /usr/lib/gcc/x86_64-linux-gnu/12/libgfortran.spec
rename spec lib to liborig
 /usr/lib/gcc/x86_64-linux-gnu/12/collect2 -plugin /usr/lib/gcc/x86_64-linux-gnu/12/liblto_plugin.so -plugin-opt=/usr/lib/gcc/x86_64-linux-gnu/12/lto-wrapper -plugin-opt=-fresolution=/tmp/ccYOs8Mn.res -plugin-opt=-pass-through=-lgcc_s -plugin-opt=-pass-through=-lgcc -plugin-opt=-pass-through=-lquadmath -plugin-opt=-pass-through=-lm -plugin-opt=-pass-through=-lgcc_s -plugin-opt=-pass-through=-lgcc -plugin-opt=-pass-through=-lc -plugin-opt=-pass-through=-lgcc_s -plugin-opt=-pass-through=-lgcc --build-id --eh-frame-hdr -m elf_x86_64 --hash-style=gnu --as-needed -dynamic-linker /lib64/ld-linux-x86-64.so.2 -pie -o conftest /usr/lib/gcc/x86_64-linux-gnu/12/../../../x86_64-linux-gnu/Scrt1.o /usr/lib/gcc/x86_64-linux-gnu/12/../../../x86_64-linux-gnu/crti.o /usr/lib/gcc/x86_64-linux-gnu/12/crtbeginS.o -L/usr/lib/gcc/x86_64-linux-gnu/12 -L/usr/lib/gcc/x86_64-linux-gnu/12/../../../x86_64-linux-gnu -L/usr/lib/gcc/x86_64-linux-gnu/12/../../../../lib -L/lib/x86_64-linux-gnu -L/lib/../lib -L/usr/lib/x86_64-linux-gnu -L/usr/lib/../lib -L/usr/lib/gcc/x86_64-linux-gnu/12/../../.. /tmp/cc2o2WPb.o -lgfortran -lm -lgcc_s -lgcc -lquadmath -lm -lgcc_s -lgcc -lc -lgcc_s -lgcc /usr/lib/gcc/x86_64-linux-gnu/12/crtendS.o /usr/lib/gcc/x86_64-linux-gnu/12/../../../x86_64-linux-gnu/crtn.o
configure:6041: result:  -L/usr/lib/gcc/x86_64-linux-gnu/12 -L/usr/lib/gcc/x86_64-linux-gnu/12/../../../x86_64-linux-gnu -L/usr/lib/gcc/x86_64-linux-gnu/12/../../../../lib -L/lib/x86_64-linux-gnu -L/lib/../lib -L/usr/lib/x86_64-linux-gnu -L/usr/lib/../lib -L/usr/lib/gcc/x86_64-linux-gnu/12/../../.. -lgfortran -lm -lquadmath
configure:6057: checking for dummy main to link with Fortran 77 libraries
configure:6092: mpicc -o conftest -g -O2 -Wno-missing-prototypes   conftest.c   -L/usr/lib/gcc/x86_64-linux-gnu/12 -L/usr/lib/gcc/x86_64-linux-gnu/12/../../../x86_64-linux-gnu -L/usr/lib/gcc/x86_64-linux-gnu/12/../../../../lib -L/lib/x86_64-linux-gnu -L/lib/../lib -L/usr/lib/x86_64-linux-gnu -L/usr/lib/../lib -L/usr/lib/gcc/x86_64-linux-gnu/12/../../.. -lgfortran -lm -lquadmath >&5
configure:6092: $? = 0
configure:6139: result: none
configure:6171: checking for Fortran 77 name-mangling scheme
configure:6185: f77 -c -g -O2 conftest.f >&5
configure:6185: $? = 0
configure:6224: mpicc -o conftest -g -O2 -Wno-missing-prototypes   conftest.c cfortran_test.o   -L/usr/lib/gcc/x86_64-linux-gnu/12 -L/usr/lib/gcc/x86_64-linux-gnu/12/../../../x86_64-linux-gnu -L/usr/lib/gcc/x86_64-linux-gnu/12/../../../../lib -L/lib/x86_64-linux-gnu -L/lib/../lib -L/usr/lib/x86_64-linux-gnu -L/usr/lib/../lib -L/usr/lib/gcc/x86_64-linux-gnu/12/../../.. -lgfortran -lm -lquadmath >&5
/usr/bin/ld: /tmp/cclRLlJq.o: in function `main':
/home/sishen/workspace/lgs-mpi/liballprof/conftest.c:40: undefined reference to `foobar'
collect2: error: ld returned 1 exit status
configure:6224: $? = 1
configure: failed program was:
| /* confdefs.h */
| #define PACKAGE_NAME "liballprof"
| #define PACKAGE_TARNAME "liballprof"
| #define PACKAGE_VERSION "use VERSION !"
| #define PACKAGE_STRING "liballprof use VERSION !"
| #define PACKAGE_BUGREPORT "<empty>"
| #define PACKAGE_URL ""
| #define PACKAGE "liballprof"
| #define VERSION "1.1"
| #define NG_MPI 1
| #define HAVE_STDIO_H 1
| #define HAVE_STDLIB_H 1
| #define HAVE_STRING_H 1
| #define HAVE_INTTYPES_H 1
| #define HAVE_STDINT_H 1
| #define HAVE_STRINGS_H 1
| #define HAVE_SYS_STAT_H 1
| #define HAVE_SYS_TYPES_H 1
| #define HAVE_UNISTD_H 1
| #define STDC_HEADERS 1
| #define HAVE_LIBC 1
| #define HAVE_MPI_H 1
| #define HAVE_MALLOC 1
| /* end confdefs.h.  */
| 
| /* Override any GCC internal prototype to avoid an error.
|    Use char because int might match the return type of a GCC
|    builtin and then its argument prototype would still apply.  */
| char foobar ();
| #ifdef F77_DUMMY_MAIN
| 
| #  ifdef __cplusplus
|      extern "C"
| #  endif
|    int F77_DUMMY_MAIN() { return 1; }
| 
| #endif
| int
| main (void)
| {
| return foobar ();
|   ;
|   return 0;
| }
configure:6224: mpicc -o conftest -g -O2 -Wno-missing-prototypes   conftest.c cfortran_test.o   -L/usr/lib/gcc/x86_64-linux-gnu/12 -L/usr/lib/gcc/x86_64-linux-gnu/12/../../../x86_64-linux-gnu -L/usr/lib/gcc/x86_64-linux-gnu/12/../../../../lib -L/lib/x86_64-linux-gnu -L/lib/../lib -L/usr/lib/x86_64-linux-gnu -L/usr/lib/../lib -L/usr/lib/gcc/x86_64-linux-gnu/12/../../.. -lgfortran -lm -lquadmath >&5
configure:6224: $? = 0
configure:6280: mpicc -o conftest -g -O2 -Wno-missing-prototypes   conftest.c cfortran_test.o   -L/usr/lib/gcc/x86_64-linux-gnu/12 -L/usr/lib/gcc/x86_64-linux-gnu/12/../../../x86_64-linux-gnu -L/usr/lib/gcc/x86_64-linux-gnu/12/../../../../lib -L/lib/x86_64-linux-gnu -L/lib/../lib -L/usr/lib/x86_64-linux-gnu -L/usr/lib/../lib -L/usr/lib/gcc/x86_64-linux-gnu/12/../../.. -lgfortran -lm -lquadmath >&5
configure:6280: $? = 0
configure:6323: result: lower case, underscore, no extra underscore
configure:6480: checking for a sed that does not truncate output
configure:6550: result: /cluster/apps/sfos/bin/sed
configure:6568: checking for fgrep
configure:6636: result: /usr/bin/grep -F
configure:6672: checking for ld used by mpicc
configure:6740: result: /usr/bin/ld
configure:6747: checking if the linker (/usr/bin/ld) is GNU ld
configure:6763: result: yes
configure:6775: checking for BSD- or MS-compatible name lister (nm)
configure:6825: result: /usr/bin/nm -B
configure:6953: checking the name lister (/usr/bin/nm -B) interface
configure:6961: mpicc -c -g -O2 -Wno-missing-prototypes  conftest.c >&5
configure:6964: /usr/bin/nm -B "conftest.o"
configure:6967: output
0000000000000000 B some_variable
configure:6974: result: BSD nm
configure:6977: checking whether ln -s works
configure:6981: result: yes
configure:6989: checking the maximum length of command line arguments
configure:7110: result: 3458764513820540925
configure:7127: checking whether the shell understands some XSI constructs
configure:7137: result: yes
configure:7141: checking whether the shell understands "+="
configure:7147: result: yes
configure:7182: checking for /usr/bin/ld option to reload object files
configure:7190: result: -r
configure:7264: checking for objdump
configure:7285: found /usr/bin/objdump
configure:7296: result: objdump
configure:7328: checking how to recognize dependent libraries
configure:7525: result: pass_all
configure:7590: checking for ar
configure:7611: found /usr/bin/ar
configure:7622: result: ar
configure:7705: checking for strip
configure:7726: found /usr/bin/strip
configure:7737: result: strip
configure:7814: checking for ranlib
configure:7846: result: ranlib
configure:7936: checking command to parse /usr/bin/nm -B output from mpicc object
configure:8055: mpicc -c -g -O2 -Wno-missing-prototypes  conftest.c >&5
configure:8058: $? = 0
configure:8062: /usr/bin/nm -B conftest.o \| sed -n -e 's/^.*[	 ]\([ABCDGIRSTW][ABCDGIRSTW]*\)[	 ][	 ]*\([_A-Za-z][_A-Za-z0-9]*\)$/\1 \2 \2/p' \> conftest.nm
configure:8065: $? = 0
configure:8119: cc -o conftest -g -O2 -Wno-missing-prototypes   conftest.c conftstm.o >&5
configure:8122: $? = 0
configure:8160: result: ok
configure:8256: cc -c -g -O2 -Wno-missing-prototypes  conftest.c >&5
configure:8259: $? = 0
configure:9035: checking for dlfcn.h
configure:9035: cc -c -g -O2 -Wno-missing-prototypes  conftest.c >&5
configure:9035: $? = 0
configure:9035: result: yes
configure:9161: checking for Fortran 77 compiler version
configure:9170: f77 --version >&5
GNU Fortran (Debian 12.2.0-14) 12.2.0
Copyright (C) 2022 Free Software Foundation, Inc.
This is free software; see the source for copying conditions.  There is NO
warranty; not even for MERCHANTABILITY or FITNESS FOR A PARTICULAR PURPOSE.

configure:9181: $? = 0
configure:9170: f77 -v >&5
Using built-in specs.
COLLECT_GCC=f77
COLLECT_LTO_WRAPPER=/usr/lib/gcc/x86_64-linux-gnu/12/lto-wrapper
OFFLOAD_TARGET_NAMES=nvptx-none:amdgcn-amdhsa
OFFLOAD_TARGET_DEFAULT=1
Target: x86_64-linux-gnu
Configured with: ../src/configure -v --with-pkgversion='Debian 12.2.0-14' --with-bugurl=file:///usr/share/doc/gcc-12/README.Bugs --enable-languages=c,ada,c++,go,d,fortran,objc,obj-c++,m2 --prefix=/usr --with-gcc-major-version-only --program-suffix=-12 --program-prefix=x86_64-linux-gnu- --enable-shared --enable-linker-build-id --libexecdir=/usr/lib --without-included-gettext --enable-threads=posix --libdir=/usr/lib --enable-nls --enable-clocale=gnu --enable-libstdcxx-debug --enable-libstdcxx-time=yes --with-default-libstdcxx-abi=new --enable-gnu-unique-object --disable-vtable-verify --enable-plugin --enable-default-pie --with-system-zlib --enable-libphobos-checking=release --with-target-system-zlib=auto --enable-objc-gc=auto --enable-multiarch --disable-werror --enable-cet --with-arch-32=i686 --with-abi=m64 --with-multilib-list=m32,m64,mx32 --enable-multilib --with-tune=generic --enable-offload-targets=nvptx-none=/build/gcc-12-bTRWOB/gcc-12-12.2.0/debian/tmp-nvptx/usr,amdgcn-amdhsa=/build/gcc-12-bTRWOB/gcc-12-12.2.0/debian/tmp-gcn/usr --enable-offload-defaulted --without-cuda-driver --enable-checking=release --build=x86_64-linux-gnu --host=x86_64-linux-gnu --target=x86_64-linux-gnu
Thread model: posix
Supported LTO compression algorithms: zlib zstd
gcc version 12.2.0 (Debian 12.2.0-14) 
... rest of stderr output deleted ...
configure:9181: $? = 0
configure:9170: f77 -V >&5
f77: error: unrecognized command-line option '-V'
f77: fatal error: no input files
compilation terminated.
configure:9181: $? = 1
configure:9170: f77 -qversion >&5
f77: error: unrecognized command-line option '-qversion'; did you mean '--version'?
f77: fatal error: no input files
compilation terminated.
configure:9181: $? = 1
configure:9190: checking whether the compiler supports GNU Fortran 77
configure:9214: result: yes
configure:9222: checking whether f77 accepts -g
configure:9243: result: yes
configure:9392: checking for objdir
configure:9408: result: .libs
configure:9700: checking if mpicc supports -fno-rtti -fno-exceptions
configure:9719: mpicc -c -g -O2 -Wno-missing-prototypes  -fno-rtti -fno-exceptions conftest.c >&5
cc1: warning: command-line option '-fno-rtti' is valid for C++/D/ObjC++ but not for C
configure:9723: $? = 0
configure:9736: result: yes
configure:9756: checking for cc option to produce PIC
configure:10028: result: -fPIC -DPIC
configure:10040: checking if cc PIC flag -fPIC -DPIC works
configure:10059: cc -c -g -O2 -Wno-missing-prototypes  -fPIC -DPIC -DPIC conftest.c >&5
configure:10063: $? = 0
configure:10076: result: yes
configure:10100: checking if cc static flag -static works
configure:10129: result: yes
configure:10144: checking if cc supports -c -o file.o
configure:10166: cc -c -g -O2 -Wno-missing-prototypes  -o out/conftest2.o conftest.c >&5
configure:10170: $? = 0
configure:10192: result: yes
configure:10200: checking if cc supports -c -o file.o
configure:10248: result: yes
configure:10281: checking whether the mpicc linker (/usr/bin/ld -m elf_x86_64) supports shared libraries
configure:11291: result: yes
configure:11530: checking dynamic linker characteristics
configure:11971: mpicc -o conftest -g -O2 -Wno-missing-prototypes   -Wl,-rpath -Wl,/foo conftest.c  >&5
configure:11971: $? = 0
configure:12203: result: GNU/Linux ld.so
configure:12305: checking how to hardcode library paths into programs
configure:12330: result: immediate
configure:12894: checking whether stripping libraries is possible
configure:12899: result: yes
configure:12934: checking if libtool supports shared libraries
configure:12936: result: yes
configure:12939: checking whether to build shared libraries
configure:12960: result: no
configure:12963: checking whether to build static libraries
configure:12967: result: yes
configure:13085: checking if libtool supports shared libraries
configure:13087: result: yes
configure:13090: checking whether to build shared libraries
configure:13110: result: no
configure:13113: checking whether to build static libraries
configure:13117: result: yes
configure:13131: checking for f77 option to produce PIC
configure:13403: result: -fPIC
configure:13412: checking if f77 PIC flag -fPIC works
configure:13431: f77 -c -g -O2 -fPIC conftest.f >&5
configure:13435: $? = 0
configure:13448: result: yes
configure:13469: checking if f77 static flag -static works
configure:13498: result: yes
configure:13510: checking if f77 supports -c -o file.o
configure:13532: f77 -c -g -O2 -o out/conftest2.o conftest.f >&5
configure:13536: $? = 0
configure:13558: result: yes
configure:13563: checking if f77 supports -c -o file.o
configure:13611: result: yes
configure:13641: checking whether the f77 linker (/usr/bin/ld -m elf_x86_64) supports shared libraries
configure:14622: result: yes
configure:14759: checking dynamic linker characteristics
configure:15134: f77 -o conftest -g -O2  -Wl,-rpath -Wl,/foo conftest.f  >&5
configure:15134: $? = 0
configure:15366: result: GNU/Linux ld.so
configure:15417: checking how to hardcode library paths into programs
configure:15442: result: immediate
configure:15624: creating ./config.status

## ---------------------- ##
## Running config.status. ##
## ---------------------- ##

This file was extended by liballprof config.status use VERSION !, which was
generated by GNU Autoconf 2.71.  Invocation command line was

  CONFIG_FILES    = 
  CONFIG_HEADERS  = 
  CONFIG_LINKS    = 
  CONFIG_COMMANDS = 
  $ ./config.status 

on storage2

config.status:1127: creating Makefile
config.status:1127: creating config.h
config.status:1308: config.h is unchanged
config.status:1356: executing depfiles commands
config.status:1356: executing libtool commands

## ---------------- ##
## Cache variables. ##
## ---------------- ##

ac_cv_build=x86_64-unknown-linux-gnu
ac_cv_c_compiler_gnu=yes
ac_cv_env_CC_set=
ac_cv_env_CC_value=
ac_cv_env_CFLAGS_set=
ac_cv_env_CFLAGS_value=
ac_cv_env_CPPFLAGS_set=
ac_cv_env_CPPFLAGS_value=
ac_cv_env_CPP_set=set
ac_cv_env_CPP_value=/cluster/apps/gcc-4.8.5/gcc-9.3.0-mjmsvu3362usxjr7tas4ywkd2e4ko5x3/bin/cpp
ac_cv_env_F77_set=set
ac_cv_env_F77_value=mpif77
ac_cv_env_FFLAGS_set=
ac_cv_env_FFLAGS_value=
ac_cv_env_LDFLAGS_set=
ac_cv_env_LDFLAGS_value=
ac_cv_env_LIBS_set=
ac_cv_env_LIBS_value=
ac_cv_env_build_alias_set=
ac_cv_env_build_alias_value=
ac_cv_env_host_alias_set=
ac_cv_env_host_alias_value=
ac_cv_env_target_alias_set=
ac_cv_env_target_alias_value=
ac_cv_f77_compiler_gnu=yes
ac_cv_f77_dummy_main=none
ac_cv_f77_libs=' -L/usr/lib/gcc/x86_64-linux-gnu/12 -L/usr/lib/gcc/x86_64-linux-gnu/12/../../../x86_64-linux-gnu -L/usr/lib/gcc/x86_64-linux-gnu/12/../../../../lib -L/lib/x86_64-linux-gnu -L/lib/../lib -L/usr/lib/x86_64-linux-gnu -L/usr/lib/../lib -L/usr/lib/gcc/x86_64-linux-gnu/12/../../.. -lgfortran -lm -lquadmath'
ac_cv_f77_mangling='lower case, underscore, no extra underscore'
ac_cv_fortran_dummy_main=none
ac_cv_func_malloc_0_nonnull=yes
ac_cv_header_dlfcn_h=yes
ac_cv_header_inttypes_h=yes
ac_cv_header_mpi_h=yes
ac_cv_header_stdint_h=yes
ac_cv_header_stdio_h=yes
ac_cv_header_stdlib_h=yes
ac_cv_header_string_h=yes
ac_cv_header_strings_h=yes
ac_cv_header_sys_stat_h=yes
ac_cv_header_sys_types_h=yes
ac_cv_header_unistd_h=yes
ac_cv_host=x86_64-unknown-linux-gnu
ac_cv_lib_c_sysctl=yes
ac_cv_objext=o
ac_cv_path_EGREP='/usr/bin/grep -E'
ac_cv_path_FGREP='/usr/bin/grep -F'
ac_cv_path_GREP=/usr/bin/grep
ac_cv_path_SED=/cluster/apps/sfos/bin/sed
ac_cv_path_install='/cluster/apps/sfos/bin/install -c'
ac_cv_path_mkdir=/cluster/apps/sfos/bin/mkdir
ac_cv_prog_AWK=gawk
ac_cv_prog_CPP='mpicc -E'
ac_cv_prog_ac_ct_AR=ar
ac_cv_prog_ac_ct_CC=mpicc
ac_cv_prog_ac_ct_F77=f77
ac_cv_prog_ac_ct_OBJDUMP=objdump
ac_cv_prog_ac_ct_RANLIB=ranlib
ac_cv_prog_ac_ct_STRIP=strip
ac_cv_prog_cc_c11=
ac_cv_prog_cc_g=yes
ac_cv_prog_cc_stdc=
ac_cv_prog_f77_g=yes
ac_cv_prog_f77_v=-v
ac_cv_prog_gcc_traditional=no
ac_cv_prog_make_make_set=yes
ac_cv_prog_ng_mpicc_found=yes
ac_cv_target=x86_64-unknown-linux-gnu
am_cv_CC_dependencies_compiler_type=gcc3
lt_cv_deplibs_check_method=pass_all
lt_cv_file_magic_cmd='$MAGIC_CMD'
lt_cv_file_magic_test_file=
lt_cv_ld_reload_flag=-r
lt_cv_nm_interface='BSD nm'
lt_cv_objdir=.libs
lt_cv_path_LD=/usr/bin/ld
lt_cv_path_NM='/usr/bin/nm -B'
lt_cv_prog_compiler_c_o=yes
lt_cv_prog_compiler_c_o_F77=yes
lt_cv_prog_compiler_pic_works=yes
lt_cv_prog_compiler_pic_works_F77=yes
lt_cv_prog_compiler_rtti_exceptions=no
lt_cv_prog_compiler_static_works=no
lt_cv_prog_compiler_static_works_F77=yes
lt_cv_prog_gnu_ld=yes
lt_cv_sys_global_symbol_pipe='sed -n -e '\''s/^.*[	 ]\([ABCDGIRSTW][ABCDGIRSTW]*\)[	 ][	 ]*\([_A-Za-z][_A-Za-z0-9]*\)$/\1 \2 \2/p'\'''
lt_cv_sys_global_symbol_to_c_name_address='sed -n -e '\''s/^: \([^ ]*\) $/  {\"\1\", (void *) 0},/p'\'' -e '\''s/^[ABCDGIRSTW]* \([^ ]*\) \([^ ]*\)$/  {"\2", (void *) \&\2},/p'\'''
lt_cv_sys_global_symbol_to_c_name_address_lib_prefix='sed -n -e '\''s/^: \([^ ]*\) $/  {\"\1\", (void *) 0},/p'\'' -e '\''s/^[ABCDGIRSTW]* \([^ ]*\) \(lib[^ ]*\)$/  {"\2", (void *) \&\2},/p'\'' -e '\''s/^[ABCDGIRSTW]* \([^ ]*\) \([^ ]*\)$/  {"lib\2", (void *) \&\2},/p'\'''
lt_cv_sys_global_symbol_to_cdecl='sed -n -e '\''s/^T .* \(.*\)$/extern int \1();/p'\'' -e '\''s/^[ABCDGIRSTW]* .* \(.*\)$/extern char \1;/p'\'''
lt_cv_sys_max_cmd_len=3458764513820540925

## ----------------- ##
## Output variables. ##
## ----------------- ##

ACLOCAL='${SHELL} /home/sishen/workspace/lgs-mpi/liballprof/config/missing --run aclocal-1.11'
AMDEPBACKSLASH='\'
AMDEP_FALSE='#'
AMDEP_TRUE=''
AMTAR='${SHELL} /home/sishen/workspace/lgs-mpi/liballprof/config/missing --run tar'
AR='ar'
AUTOCONF='${SHELL} /home/sishen/workspace/lgs-mpi/liballprof/config/missing --run autoconf'
AUTOHEADER='${SHELL} /home/sishen/workspace/lgs-mpi/liballprof/config/missing --run autoheader'
AUTOMAKE='${SHELL} /home/sishen/workspace/lgs-mpi/liballprof/config/missing --run automake-1.11'
AWK='gawk'
CC='cc'
CCDEPMODE='depmode=gcc3'
CFLAGS='-g -O2 -Wno-missing-prototypes'
CPP='mpicc -E'
CPPFLAGS=''
CYGPATH_W='echo'
DEFS='-DHAVE_CONFIG_H'
DEPDIR='.deps'
DSYMUTIL=''
DUMPBIN=''
ECHO_C=''
ECHO_N='-n'
ECHO_T=''
EGREP='/usr/bin/grep -E'
EXEEXT=''
F77='f77'
FFLAGS='-g -O2'
FGREP='/usr/bin/grep -F'
FLIBS=' -L/usr/lib/gcc/x86_64-linux-gnu/12 -L/usr/lib/gcc/x86_64-linux-gnu/12/../../../x86_64-linux-gnu -L/usr/lib/gcc/x86_64-linux-gnu/12/../../../../lib -L/lib/x86_64-linux-gnu -L/lib/../lib -L/usr/lib/x86_64-linux-gnu -L/usr/lib/../lib -L/usr/lib/gcc/x86_64-linux-gnu/12/../../.. -lgfortran -lm -lquadmath'
GREP='/usr/bin/grep'
INSTALL_DATA='${INSTALL} -m 644'
INSTALL_PROGRAM='${INSTALL}'
INSTALL_SCRIPT='${INSTALL}'
INSTALL_STRIP_PROGRAM='$(install_sh) -c -s'
LD='/usr/bin/ld -m elf_x86_64'
LDFLAGS=''
LIBOBJS=''
LIBS='-lc '
LIBTOOL='$(SHELL) $(top_builddir)/libtool'
LIPO=''
LN_S='ln -s'
LTLIBOBJS=''
MAKEINFO='${SHELL} /home/sishen/workspace/lgs-mpi/liballprof/config/missing --run makeinfo'
MKDIR_P='/usr/bin/mkdir -p'
NM='/usr/bin/nm -B'
NMEDIT=''
OBJDUMP='objdump'
OBJEXT='o'
OTOOL64=''
OTOOL=''
PACKAGE='liballprof'
PACKAGE_BUGREPORT='<empty>'
PACKAGE_NAME='liballprof'
PACKAGE_STRING='liballprof use VERSION !'
PACKAGE_TARNAME='liballprof'
PACKAGE_URL=''
PACKAGE_VERSION='use VERSION !'
PATH_SEPARATOR=':'
RANLIB='ranlib'
SED='/cluster/apps/sfos/bin/sed'
SET_MAKE=''
SHELL='/bin/sh'
STRIP='strip'
VERSION='1.1'
ac_ct_CC='cc'
ac_ct_DUMPBIN=''
ac_ct_F77='f77'
am__EXEEXT_FALSE=''
am__EXEEXT_TRUE='#'
am__fastdepCC_FALSE='#'
am__fastdepCC_TRUE=''
am__include='include'
am__isrc=''
am__leading_dot='.'
am__quote=''
am__tar='${AMTAR} chof - "$$tardir"'
am__untar='${AMTAR} xf -'
bindir='${exec_prefix}/bin'
build='x86_64-unknown-linux-gnu'
build_alias=''
build_cpu='x86_64'
build_os='linux-gnu'
build_vendor='unknown'
datadir='${datarootdir}'
datarootdir='${prefix}/share'
docdir='${datarootdir}/doc/${PACKAGE_TARNAME}'
dvidir='${docdir}'
exec_prefix='${prefix}'
host='x86_64-unknown-linux-gnu'
host_alias=''
host_cpu='x86_64'
host_os='linux-gnu'
host_vendor='unknown'
htmldir='${docdir}'
includedir='${prefix}/include'
infodir='${datarootdir}/info'
install_sh='${SHELL} /home/sishen/workspace/lgs-mpi/liballprof/config/install-sh'
libdir='${exec_prefix}/lib'
libexecdir='${exec_prefix}/libexec'
localedir='${datarootdir}/locale'
localstatedir='${prefix}/var'
lt_ECHO='echo'
mandir='${datarootdir}/man'
mkdir_p='/cluster/apps/sfos/bin/mkdir -p'
ng_mpicc_found='yes'
oldincludedir='/usr/include'
pdfdir='${docdir}'
prefix='/usr/local'
program_transform_name='s,x,x,'
psdir='${docdir}'
runstatedir='${localstatedir}/run'
sbindir='${exec_prefix}/sbin'
sharedstatedir='${prefix}/com'
sysconfdir='${prefix}/etc'
target='x86_64-unknown-linux-gnu'
target_alias=''
target_cpu='x86_64'
target_os='linux-gnu'
target_vendor='unknown'

## ----------- ##
## confdefs.h. ##
## ----------- ##

/* confdefs.h */
#define PACKAGE_NAME "liballprof"
#define PACKAGE_TARNAME "liballprof"
#define PACKAGE_VERSION "use VERSION !"
#define PACKAGE_STRING "liballprof use VERSION !"
#define PACKAGE_BUGREPORT "<empty>"
#define PACKAGE_URL ""
#define PACKAGE "liballprof"
#define VERSION "1.1"
#define NG_MPI 1
#define HAVE_STDIO_H 1
#define HAVE_STDLIB_H 1
#define HAVE_STRING_H 1
#define HAVE_INTTYPES_H 1
#define HAVE_STDINT_H 1
#define HAVE_STRINGS_H 1
#define HAVE_SYS_STAT_H 1
#define HAVE_SYS_TYPES_H 1
#define HAVE_UNISTD_H 1
#define STDC_HEADERS 1
#define HAVE_LIBC 1
#define HAVE_MPI_H 1
#define HAVE_MALLOC 1
#define F77_FUNC(name,NAME) name ## _
#define F77_FUNC_(name,NAME) name ## _
#define HAVE_DLFCN_H 1
#define LT_OBJDIR ".libs/"

configure: exit 0
